# JRE version: OpenJDK Runtime Environment Temurin-21.0.10+7 (21.0.10+7) (build 21.0.10+7-LTS)
# Java VM: OpenJDK 64-Bit Server VM Temurin-21.0.10+7 (21.0.10+7-LTS, mixed mode, sharing, tiered, compressed oops, compressed class ptrs, parallel gc, windows-amd64)
GC Precious Log:
 CardTable entry size: 512
 CPUs: 4 total, 4 available
 Memory: 3901M
 Large Page Support: Disabled
 NUMA Support: Disabled
 Compressed Oops: Enabled (32-bit)
 Alignments: Space 512K, Generation 512K, Heap 2M
 Heap Min Capacity: 100M
 Heap Initial Capacity: 100M
 Heap Max Capacity: 2G
 Pre-touch: Disabled
 Parallel Workers: 4
Heap:
 PSYoungGen      total 5632K, used 5050K [0x00000000d5580000, 0x00000000d5c80000, 0x0000000100000000)
  eden space 5120K, 88% used [0x00000000d5580000,0x00000000d59f2950,0x00000000d5a80000)
  from space 512K, 96% used [0x00000000d5b80000,0x00000000d5bfc010,0x00000000d5c00000)
  to   space 512K, 0% used [0x00000000d5c00000,0x00000000d5c00000,0x00000000d5c80000)
 ParOldGen       total 712192K, used 590579K [0x0000000080000000, 0x00000000ab780000, 0x00000000d5580000)
  object space 712192K, 82% used [0x0000000080000000,0x00000000a40bcca8,0x00000000ab780000)
 Metaspace       used 86246K, committed 88000K, reserved 1179648K
  class space    used 8910K, committed 9728K, reserved 1048576K
GC Heap History (20 events):
Event: 6742.252 GC heap before
{Heap before GC invocations=1054 (full 4):
 PSYoungGen      total 4608K, used 4128K [0x00000000d5580000, 0x00000000d5d00000, 0x0000000100000000)
  eden space 2048K, 100% used [0x00000000d5580000,0x00000000d5780000,0x00000000d5780000)
  from space 2560K, 81% used [0x00000000d5780000,0x00000000d5988000,0x00000000d5a00000)
  to   space 2560K, 0% used [0x00000000d5a80000,0x00000000d5a80000,0x00000000d5d00000)
 ParOldGen       total 712192K, used 577386K [0x0000000080000000, 0x00000000ab780000, 0x00000000d5580000)
  object space 712192K, 81% used [0x0000000080000000,0x00000000a33da910,0x00000000ab780000)
 Metaspace       used 86170K, committed 88000K, reserved 1179648K
  class space    used 8907K, committed 9728K, reserved 1048576K
}
Event: 6742.283 GC heap after
{Heap after GC invocations=1054 (full 4):
 PSYoungGen      total 4608K, used 1690K [0x00000000d5580000, 0x00000000d5c80000, 0x0000000100000000)
  eden space 2560K, 0% used [0x00000000d5580000,0x00000000d5580000,0x00000000d5800000)
  from space 2048K, 82% used [0x00000000d5a80000,0x00000000d5c26800,0x00000000d5c80000)
  to   space 2048K, 0% used [0x00000000d5880000,0x00000000d5880000,0x00000000d5a80000)
 ParOldGen       total 712192K, used 579426K [0x0000000080000000, 0x00000000ab780000, 0x00000000d5580000)
  object space 712192K, 81% used [0x0000000080000000,0x00000000a35d8910,0x00000000ab780000)
 Metaspace       used 86170K, committed 88000K, reserved 1179648K
  class space    used 8907K, committed 9728K, reserved 1048576K
}
Event: 6742.391 GC heap before
{Heap before GC invocations=1055 (full 4):
 PSYoungGen      total 4608K, used 4250K [0x00000000d5580000, 0x00000000d5c80000, 0x0000000100000000)
  eden space 2560K, 100% used [0x00000000d5580000,0x00000000d5800000,0x00000000d5800000)
  from space 2048K, 82% used [0x00000000d5a80000,0x00000000d5c26800,0x00000000d5c80000)
  to   space 2048K, 0% used [0x00000000d5880000,0x00000000d5880000,0x00000000d5a80000)
 ParOldGen       total 712192K, used 579426K [0x0000000080000000, 0x00000000ab780000, 0x00000000d5580000)
  object space 712192K, 81% used [0x0000000080000000,0x00000000a35d8910,0x00000000ab780000)
 Metaspace       used 86170K, committed 88000K, reserved 1179648K
  class space    used 8907K, committed 9728K, reserved 1048576K
}
Event: 6742.438 GC heap after
{Heap after GC invocations=1055 (full 4):
 PSYoungGen      total 5120K, used 2016K [0x00000000d5580000, 0x00000000d6080000, 0x0000000100000000)
  eden space 3072K, 0% used [0x00000000d5580000,0x00000000d5580000,0x00000000d5880000)
  from space 2048K, 98% used [0x00000000d5880000,0x00000000d5a781c0,0x00000000d5a80000)
  to   space 4096K, 0% used [0x00000000d5c80000,0x00000000d5c80000,0x00000000d6080000)
 ParOldGen       total 712192K, used 581084K [0x0000000080000000, 0x00000000ab780000, 0x00000000d5580000)
  object space 712192K, 81% used [0x0000000080000000,0x00000000a3777110,0x00000000ab780000)
 Metaspace       used 86170K, committed 88000K, reserved 1179648K
  class space    used 8907K, committed 9728K, reserved 1048576K
}
Event: 6742.471 GC heap before
{Heap before GC invocations=1056 (full 4):
 PSYoungGen      total 5120K, used 5088K [0x00000000d5580000, 0x00000000d6080000, 0x0000000100000000)
  eden space 3072K, 100% used [0x00000000d5580000,0x00000000d5880000,0x00000000d5880000)
  from space 2048K, 98% used [0x00000000d5880000,0x00000000d5a781c0,0x00000000d5a80000)
  to   space 4096K, 0% used [0x00000000d5c80000,0x00000000d5c80000,0x00000000d6080000)
 ParOldGen       total 712192K, used 581084K [0x0000000080000000, 0x00000000ab780000, 0x00000000d5580000)
  object space 712192K, 81% used [0x0000000080000000,0x00000000a3777110,0x00000000ab780000)
 Metaspace       used 86170K, committed 88000K, reserved 1179648K
  class space    used 8907K, committed 9728K, reserved 1048576K
}
Event: 6742.497 GC heap after
{Heap after GC invocations=1056 (full 4):
 PSYoungGen      total 7168K, used 2488K [0x00000000d5580000, 0x00000000d5f80000, 0x0000000100000000)
  eden space 4096K, 0% used [0x00000000d5580000,0x00000000d5580000,0x00000000d5980000)
  from space 3072K, 80% used [0x00000000d5c80000,0x00000000d5eee000,0x00000000d5f80000)
  to   space 3072K, 0% used [0x00000000d5980000,0x00000000d5980000,0x00000000d5c80000)
 ParOldGen       total 712192K, used 583167K [0x0000000080000000, 0x00000000ab780000, 0x00000000d5580000)
  object space 712192K, 81% used [0x0000000080000000,0x00000000a397ffb0,0x00000000ab780000)
 Metaspace       used 86170K, committed 88000K, reserved 1179648K
  class space    used 8907K, committed 9728K, reserved 1048576K
}
Event: 6743.246 GC heap before
{Heap before GC invocations=1057 (full 4):
 PSYoungGen      total 7168K, used 6584K [0x00000000d5580000, 0x00000000d5f80000, 0x0000000100000000)
  eden space 4096K, 100% used [0x00000000d5580000,0x00000000d5980000,0x00000000d5980000)
  from space 3072K, 80% used [0x00000000d5c80000,0x00000000d5eee000,0x00000000d5f80000)
  to   space 3072K, 0% used [0x00000000d5980000,0x00000000d5980000,0x00000000d5c80000)
 ParOldGen       total 712192K, used 583167K [0x0000000080000000, 0x00000000ab780000, 0x00000000d5580000)
  object space 712192K, 81% used [0x0000000080000000,0x00000000a397ffb0,0x00000000ab780000)
 Metaspace       used 86170K, committed 88000K, reserved 1179648K
  class space    used 8907K, committed 9728K, reserved 1048576K
}
Event: 6743.277 GC heap after
{Heap after GC invocations=1057 (full 4):
 PSYoungGen      total 7168K, used 1649K [0x00000000d5580000, 0x00000000d5e80000, 0x0000000100000000)
  eden space 4096K, 0% used [0x00000000d5580000,0x00000000d5580000,0x00000000d5980000)
  from space 3072K, 53% used [0x00000000d5980000,0x00000000d5b1c620,0x00000000d5c80000)
  to   space 2048K, 0% used [0x00000000d5c80000,0x00000000d5c80000,0x00000000d5e80000)
 ParOldGen       total 712192K, used 585327K [0x0000000080000000, 0x00000000ab780000, 0x00000000d5580000)
  object space 712192K, 82% used [0x0000000080000000,0x00000000a3b9bfb0,0x00000000ab780000)
 Metaspace       used 86170K, committed 88000K, reserved 1179648K
  class space    used 8907K, committed 9728K, reserved 1048576K
}
Event: 6744.445 GC heap before
{Heap before GC invocations=1058 (full 4):
 PSYoungGen      total 7168K, used 5745K [0x00000000d5580000, 0x00000000d5e80000, 0x0000000100000000)
  eden space 4096K, 100% used [0x00000000d5580000,0x00000000d5980000,0x00000000d5980000)
  from space 3072K, 53% used [0x00000000d5980000,0x00000000d5b1c620,0x00000000d5c80000)
  to   space 2048K, 0% used [0x00000000d5c80000,0x00000000d5c80000,0x00000000d5e80000)
 ParOldGen       total 712192K, used 585327K [0x0000000080000000, 0x00000000ab780000, 0x00000000d5580000)
  object space 712192K, 82% used [0x0000000080000000,0x00000000a3b9bfb0,0x00000000ab780000)
 Metaspace       used 86170K, committed 88000K, reserved 1179648K
  class space    used 8907K, committed 9728K, reserved 1048576K
}
Event: 6744.612 GC heap after
{Heap after GC invocations=1058 (full 4):
 PSYoungGen      total 7168K, used 1408K [0x00000000d5580000, 0x00000000d5e80000, 0x0000000100000000)
  eden space 5120K, 0% used [0x00000000d5580000,0x00000000d5580000,0x00000000d5a80000)
  from space 2048K, 68% used [0x00000000d5c80000,0x00000000d5de0020,0x00000000d5e80000)
  to   space 2048K, 0% used [0x00000000d5a80000,0x00000000d5a80000,0x00000000d5c80000)
 ParOldGen       total 712192K, used 586925K [0x0000000080000000, 0x00000000ab780000, 0x00000000d5580000)
  object space 712192K, 82% used [0x0000000080000000,0x00000000a3d2b4d8,0x00000000ab780000)
 Metaspace       used 86170K, committed 88000K, reserved 1179648K
  class space    used 8907K, committed 9728K, reserved 1048576K
}
Event: 6745.148 GC heap before
{Heap before GC invocations=1059 (full 4):
 PSYoungGen      total 7168K, used 6528K [0x00000000d5580000, 0x00000000d5e80000, 0x0000000100000000)
  eden space 5120K, 100% used [0x00000000d5580000,0x00000000d5a80000,0x00000000d5a80000)
  from space 2048K, 68% used [0x00000000d5c80000,0x00000000d5de0020,0x00000000d5e80000)
  to   space 2048K, 0% used [0x00000000d5a80000,0x00000000d5a80000,0x00000000d5c80000)
 ParOldGen       total 712192K, used 586925K [0x0000000080000000, 0x00000000ab780000, 0x00000000d5580000)
  object space 712192K, 82% used [0x0000000080000000,0x00000000a3d2b4d8,0x00000000ab780000)
 Metaspace       used 86174K, committed 88000K, reserved 1179648K
  class space    used 8907K, committed 9728K, reserved 1048576K
}
Event: 6745.168 GC heap after
{Heap after GC invocations=1059 (full 4):
 PSYoungGen      total 6656K, used 1344K [0x00000000d5580000, 0x00000000d5d80000, 0x0000000100000000)
  eden space 5120K, 0% used [0x00000000d5580000,0x00000000d5580000,0x00000000d5a80000)
  from space 1536K, 87% used [0x00000000d5a80000,0x00000000d5bd0000,0x00000000d5c00000)
  to   space 1536K, 0% used [0x00000000d5c00000,0x00000000d5c00000,0x00000000d5d80000)
 ParOldGen       total 712192K, used 588257K [0x0000000080000000, 0x00000000ab780000, 0x00000000d5580000)
  object space 712192K, 82% used [0x0000000080000000,0x00000000a3e78588,0x00000000ab780000)
 Metaspace       used 86174K, committed 88000K, reserved 1179648K
  class space    used 8907K, committed 9728K, reserved 1048576K
}
Event: 6745.223 GC heap before
{Heap before GC invocations=1060 (full 4):
 PSYoungGen      total 6656K, used 6463K [0x00000000d5580000, 0x00000000d5d80000, 0x0000000100000000)
  eden space 5120K, 99% used [0x00000000d5580000,0x00000000d5a7ff68,0x00000000d5a80000)
  from space 1536K, 87% used [0x00000000d5a80000,0x00000000d5bd0000,0x00000000d5c00000)
  to   space 1536K, 0% used [0x00000000d5c00000,0x00000000d5c00000,0x00000000d5d80000)
 ParOldGen       total 712192K, used 588257K [0x0000000080000000, 0x00000000ab780000, 0x00000000d5580000)
  object space 712192K, 82% used [0x0000000080000000,0x00000000a3e78588,0x00000000ab780000)
 Metaspace       used 86175K, committed 88000K, reserved 1179648K
  class space    used 8907K, committed 9728K, reserved 1048576K
}
Event: 6745.234 GC heap after
{Heap after GC invocations=1060 (full 4):
 PSYoungGen      total 6144K, used 688K [0x00000000d5580000, 0x00000000d5d00000, 0x0000000100000000)
  eden space 5120K, 0% used [0x00000000d5580000,0x00000000d5580000,0x00000000d5a80000)
  from space 1024K, 67% used [0x00000000d5c00000,0x00000000d5cac010,0x00000000d5d00000)
  to   space 1024K, 0% used [0x00000000d5b00000,0x00000000d5b00000,0x00000000d5c00000)
 ParOldGen       total 712192K, used 589545K [0x0000000080000000, 0x00000000ab780000, 0x00000000d5580000)
  object space 712192K, 82% used [0x0000000080000000,0x00000000a3fba588,0x00000000ab780000)
 Metaspace       used 86175K, committed 88000K, reserved 1179648K
  class space    used 8907K, committed 9728K, reserved 1048576K
}
Event: 6745.875 GC heap before
{Heap before GC invocations=1061 (full 4):
 PSYoungGen      total 6144K, used 5808K [0x00000000d5580000, 0x00000000d5d00000, 0x0000000100000000)
  eden space 5120K, 100% used [0x00000000d5580000,0x00000000d5a80000,0x00000000d5a80000)
  from space 1024K, 67% used [0x00000000d5c00000,0x00000000d5cac010,0x00000000d5d00000)
  to   space 1024K, 0% used [0x00000000d5b00000,0x00000000d5b00000,0x00000000d5c00000)
 ParOldGen       total 712192K, used 589545K [0x0000000080000000, 0x00000000ab780000, 0x00000000d5580000)
  object space 712192K, 82% used [0x0000000080000000,0x00000000a3fba588,0x00000000ab780000)
 Metaspace       used 86186K, committed 88000K, reserved 1179648K
  class space    used 8907K, committed 9728K, reserved 1048576K
}
Event: 6745.884 GC heap after
{Heap after GC invocations=1061 (full 4):
 PSYoungGen      total 6144K, used 576K [0x00000000d5580000, 0x00000000d5c80000, 0x0000000100000000)
  eden space 5120K, 0% used [0x00000000d5580000,0x00000000d5580000,0x00000000d5a80000)
  from space 1024K, 56% used [0x00000000d5b00000,0x00000000d5b90000,0x00000000d5c00000)
  to   space 512K, 0% used [0x00000000d5c00000,0x00000000d5c00000,0x00000000d5c80000)
 ParOldGen       total 712192K, used 590150K [0x0000000080000000, 0x00000000ab780000, 0x00000000d5580000)
  object space 712192K, 82% used [0x0000000080000000,0x00000000a4051a18,0x00000000ab780000)
 Metaspace       used 86186K, committed 88000K, reserved 1179648K
  class space    used 8907K, committed 9728K, reserved 1048576K
}
Event: 6748.421 GC heap before
{Heap before GC invocations=1062 (full 4):
 PSYoungGen      total 6144K, used 5696K [0x00000000d5580000, 0x00000000d5c80000, 0x0000000100000000)
  eden space 5120K, 100% used [0x00000000d5580000,0x00000000d5a80000,0x00000000d5a80000)
  from space 1024K, 56% used [0x00000000d5b00000,0x00000000d5b90000,0x00000000d5c00000)
  to   space 512K, 0% used [0x00000000d5c00000,0x00000000d5c00000,0x00000000d5c80000)
 ParOldGen       total 712192K, used 590150K [0x0000000080000000, 0x00000000ab780000, 0x00000000d5580000)
  object space 712192K, 82% used [0x0000000080000000,0x00000000a4051a18,0x00000000ab780000)
 Metaspace       used 86186K, committed 88000K, reserved 1179648K
  class space    used 8907K, committed 9728K, reserved 1048576K
}
Event: 6748.429 GC heap after
{Heap after GC invocations=1062 (full 4):
 PSYoungGen      total 5632K, used 160K [0x00000000d5580000, 0x00000000d5c80000, 0x0000000100000000)
  eden space 5120K, 0% used [0x00000000d5580000,0x00000000d5580000,0x00000000d5a80000)
  from space 512K, 31% used [0x00000000d5c00000,0x00000000d5c28000,0x00000000d5c80000)
  to   space 512K, 0% used [0x00000000d5b80000,0x00000000d5b80000,0x00000000d5c00000)
 ParOldGen       total 712192K, used 590438K [0x0000000080000000, 0x00000000ab780000, 0x00000000d5580000)
  object space 712192K, 82% used [0x0000000080000000,0x00000000a4099a18,0x00000000ab780000)
 Metaspace       used 86186K, committed 88000K, reserved 1179648K
  class space    used 8907K, committed 9728K, reserved 1048576K
}
Event: 6890.211 GC heap before
{Heap before GC invocations=1063 (full 4):
 PSYoungGen      total 5632K, used 5280K [0x00000000d5580000, 0x00000000d5c80000, 0x0000000100000000)
  eden space 5120K, 100% used [0x00000000d5580000,0x00000000d5a80000,0x00000000d5a80000)
  from space 512K, 31% used [0x00000000d5c00000,0x00000000d5c28000,0x00000000d5c80000)
  to   space 512K, 0% used [0x00000000d5b80000,0x00000000d5b80000,0x00000000d5c00000)
 ParOldGen       total 712192K, used 590438K [0x0000000080000000, 0x00000000ab780000, 0x00000000d5580000)
  object space 712192K, 82% used [0x0000000080000000,0x00000000a4099a18,0x00000000ab780000)
 Metaspace       used 86199K, committed 88000K, reserved 1179648K
  class space    used 8909K, committed 9728K, reserved 1048576K
}
Event: 6890.965 GC heap after
{Heap after GC invocations=1063 (full 4):
 PSYoungGen      total 5632K, used 496K [0x00000000d5580000, 0x00000000d5c80000, 0x0000000100000000)
  eden space 5120K, 0% used [0x00000000d5580000,0x00000000d5580000,0x00000000d5a80000)
  from space 512K, 96% used [0x00000000d5b80000,0x00000000d5bfc010,0x00000000d5c00000)
  to   space 512K, 0% used [0x00000000d5c00000,0x00000000d5c00000,0x00000000d5c80000)
 ParOldGen       total 712192K, used 590579K [0x0000000080000000, 0x00000000ab780000, 0x00000000d5580000)
  object space 712192K, 82% used [0x0000000080000000,0x00000000a40bcca8,0x00000000ab780000)
 Metaspace       used 86199K, committed 88000K, reserved 1179648K
  class space    used 8909K, committed 9728K, reserved 1048576K
}

